2025-07-14 08:37:52.725 [info] [main] Log level: Info
2025-07-14 08:37:52.725 [info] [main] Validating found git in: "git"
2025-07-14 08:37:52.725 [info] [main] Using git "2.43.0" from "git"
2025-07-14 08:37:52.725 [info] [Model][doInitialScan] Initial repository scan started
2025-07-14 08:37:52.725 [info] > git rev-parse --show-toplevel [2ms]
2025-07-14 08:37:52.725 [info] > git rev-parse --git-dir --git-common-dir [3ms]
2025-07-14 08:37:52.725 [info] [Model][openRepository] Opened repository: /home/tkdahr1331
2025-07-14 08:37:52.725 [info] > git rev-parse --show-toplevel [49ms]
2025-07-14 08:37:52.725 [info] > git config --get commit.template [52ms]
2025-07-14 08:37:52.725 [info] > git for-each-ref --format=%(refname)%00%(upstream:short)%00%(objectname)%00%(upstream:track)%00%(upstream:remotename)%00%(upstream:remoteref) refs/heads/main refs/remotes/main [7ms]
2025-07-14 08:37:52.725 [info] > git rev-parse --show-toplevel [25ms]
2025-07-14 08:37:52.725 [info] > git status -z -uall [14ms]
2025-07-14 08:37:52.725 [info] > git for-each-ref --sort -committerdate --format %(refname)%00%(objectname)%00%(*objectname) [9ms]
2025-07-14 08:37:52.730 [info] > git for-each-ref --format=%(refname)%00%(upstream:short)%00%(objectname)%00%(upstream:track)%00%(upstream:remotename)%00%(upstream:remoteref) refs/heads/main refs/remotes/main [9ms]
2025-07-14 08:37:52.735 [info] > git rev-parse --show-toplevel [52ms]
2025-07-14 08:37:52.741 [info] > git config --get --local branch.main.vscode-merge-base [7ms]
2025-07-14 08:37:52.741 [warning] [Git][config] git config failed: Failed to execute git
2025-07-14 08:37:52.746 [info] > git config --get commit.template [16ms]
2025-07-14 08:37:52.747 [info] > git rev-parse --show-toplevel [7ms]
2025-07-14 08:37:52.757 [info] > git reflog main --grep-reflog=branch: Created from *. [12ms]
2025-07-14 08:37:52.762 [info] > git rev-parse --show-toplevel [6ms]
2025-07-14 08:37:52.763 [info] > git for-each-ref --format=%(refname)%00%(upstream:short)%00%(objectname)%00%(upstream:track)%00%(upstream:remotename)%00%(upstream:remoteref) refs/heads/main refs/remotes/main [12ms]
2025-07-14 08:37:52.776 [info] > git status -z -uall [9ms]
2025-07-14 08:37:52.776 [info] > git reflog HEAD --grep-reflog=checkout: moving from .* to main [16ms]
2025-07-14 08:37:52.782 [info] > git rev-parse --show-toplevel [7ms]
2025-07-14 08:37:52.783 [info] [Model][doInitialScan] Initial repository scan completed - repositories (1), closed repositories (0), parent repositories (0), unsafe repositories (0)
2025-07-14 08:37:52.783 [info] > git for-each-ref --sort -committerdate --format %(refname)%00%(objectname)%00%(*objectname) [13ms]
2025-07-14 08:37:52.795 [info] > git for-each-ref --format=%(refname)%00%(upstream:short)%00%(objectname)%00%(upstream:track)%00%(upstream:remotename)%00%(upstream:remoteref) refs/heads/master refs/remotes/master [15ms]
2025-07-14 08:37:52.801 [info] > git for-each-ref --format=%(refname)%00%(upstream:short)%00%(objectname)%00%(upstream:track)%00%(upstream:remotename)%00%(upstream:remoteref) refs/heads/main refs/remotes/main [12ms]
2025-07-14 08:37:52.807 [info] > git for-each-ref --format=%(refname)%00%(upstream:short)%00%(objectname)%00%(upstream:track)%00%(upstream:remotename)%00%(upstream:remoteref) refs/remotes/origin/master [8ms]
2025-07-14 08:37:52.815 [info] > git config --get --local branch.main.vscode-merge-base [10ms]
2025-07-14 08:37:52.815 [warning] [Git][config] git config failed: Failed to execute git
2025-07-14 08:37:52.820 [info] > git config --add --local branch.main.vscode-merge-base origin/master [9ms]
2025-07-14 08:37:52.824 [info] > git reflog main --grep-reflog=branch: Created from *. [6ms]
2025-07-14 08:37:52.828 [info] > git config --get commit.template [4ms]
2025-07-14 08:37:52.833 [info] > git reflog HEAD --grep-reflog=checkout: moving from .* to main [6ms]
2025-07-14 08:37:52.837 [info] > git for-each-ref --format=%(refname)%00%(upstream:short)%00%(objectname)%00%(upstream:track)%00%(upstream:remotename)%00%(upstream:remoteref) refs/heads/main refs/remotes/main [5ms]
2025-07-14 08:37:52.844 [info] > git for-each-ref --format=%(refname)%00%(upstream:short)%00%(objectname)%00%(upstream:track)%00%(upstream:remotename)%00%(upstream:remoteref) refs/heads/master refs/remotes/master [8ms]
2025-07-14 08:37:52.849 [info] > git status -z -uall [9ms]
2025-07-14 08:37:52.849 [info] > git for-each-ref --sort -committerdate --format %(refname)%00%(objectname)%00%(*objectname) [6ms]
2025-07-14 08:37:52.850 [info] > git for-each-ref --format=%(refname)%00%(upstream:short)%00%(objectname)%00%(upstream:track)%00%(upstream:remotename)%00%(upstream:remoteref) refs/remotes/origin/master [2ms]
2025-07-14 08:37:52.863 [info] > git for-each-ref --format=%(refname)%00%(upstream:short)%00%(objectname)%00%(upstream:track)%00%(upstream:remotename)%00%(upstream:remoteref) refs/heads/main refs/remotes/main [3ms]
2025-07-14 08:37:52.868 [info] > git config --add --local branch.main.vscode-merge-base origin/master [14ms]
2025-07-14 08:37:52.987 [info] > git config --get --local branch.main.vscode-merge-base [120ms]
2025-07-14 08:37:53.005 [info] > git for-each-ref --format=%(refname)%00%(upstream:short)%00%(objectname)%00%(upstream:track)%00%(upstream:remotename)%00%(upstream:remoteref) refs/heads/origin/master refs/remotes/origin/master [13ms]
2025-07-14 08:37:53.005 [info] > git config --get commit.template [133ms]
2025-07-14 08:37:55.252 [info] > git for-each-ref --format=%(refname)%00%(upstream:short)%00%(objectname)%00%(upstream:track)%00%(upstream:remotename)%00%(upstream:remoteref) refs/heads/main refs/remotes/main [2241ms]
2025-07-14 08:37:55.569 [info] > git status -z -uall [310ms]
2025-07-14 08:37:55.569 [info] > git check-ignore -v -z --stdin [295ms]
2025-07-14 08:37:55.570 [info] > git for-each-ref --sort -committerdate --format %(refname)%00%(objectname)%00%(*objectname) [304ms]
2025-07-14 08:37:56.215 [info] > git config --get commit.template [37ms]
2025-07-14 08:37:56.217 [info] > git for-each-ref --format=%(refname)%00%(upstream:short)%00%(objectname)%00%(upstream:track)%00%(upstream:remotename)%00%(upstream:remoteref) refs/heads/main refs/remotes/main [4ms]
2025-07-14 08:37:56.238 [info] > git status -z -uall [14ms]
2025-07-14 08:37:56.238 [info] > git for-each-ref --sort -committerdate --format %(refname)%00%(objectname)%00%(*objectname) [4ms]
2025-07-14 08:38:01.586 [info] > git config --get commit.template [29ms]
2025-07-14 08:38:01.607 [info] > git for-each-ref --format=%(refname)%00%(upstream:short)%00%(objectname)%00%(upstream:track)%00%(upstream:remotename)%00%(upstream:remoteref) refs/heads/main refs/remotes/main [2ms]
2025-07-14 08:38:01.644 [info] > git status -z -uall [20ms]
2025-07-14 08:38:01.648 [info] > git for-each-ref --sort -committerdate --format %(refname)%00%(objectname)%00%(*objectname) [5ms]
2025-07-14 08:38:06.692 [info] > git config --get commit.template [13ms]
2025-07-14 08:38:06.693 [info] > git for-each-ref --format=%(refname)%00%(upstream:short)%00%(objectname)%00%(upstream:track)%00%(upstream:remotename)%00%(upstream:remoteref) refs/heads/main refs/remotes/main [3ms]
2025-07-14 08:38:06.722 [info] > git status -z -uall [16ms]
2025-07-14 08:38:06.723 [info] > git for-each-ref --sort -committerdate --format %(refname)%00%(objectname)%00%(*objectname) [3ms]
2025-07-14 08:38:28.932 [info] > git show --textconv :requirements.txt [8ms]
2025-07-14 08:38:28.933 [info] > git ls-files --stage -- requirements.txt [2ms]
2025-07-14 08:38:28.942 [info] > git cat-file -s 7e1060246fd6746a14204539a72e199a25469a05 [2ms]
2025-07-14 08:38:30.414 [info] > git show --textconv :app.py [10ms]
2025-07-14 08:38:30.417 [info] > git ls-files --stage -- app.py [4ms]
2025-07-14 08:38:30.425 [info] > git cat-file -s 2428583136ff73f91184d63442c3debc4a56cc8b [2ms]
2025-07-14 08:38:30.862 [info] > git blame --root --incremental e45e4de3370f33bf1eb778749f9fcc3ef012dbbe -- app.py [3ms]
2025-07-14 08:39:25.354 [info] > git config --get commit.template [8ms]
2025-07-14 08:39:25.354 [info] > git for-each-ref --format=%(refname)%00%(upstream:short)%00%(objectname)%00%(upstream:track)%00%(upstream:remotename)%00%(upstream:remoteref) refs/heads/main refs/remotes/main [2ms]
2025-07-14 08:39:25.371 [info] > git status -z -uall [10ms]
2025-07-14 08:39:25.371 [info] > git for-each-ref --sort -committerdate --format %(refname)%00%(objectname)%00%(*objectname) [3ms]
2025-07-14 08:39:35.800 [info] > git show --textconv :requirements.txt [10ms]
2025-07-14 08:39:35.801 [info] > git ls-files --stage -- requirements.txt [4ms]
2025-07-14 08:39:35.810 [info] > git cat-file -s 7e1060246fd6746a14204539a72e199a25469a05 [2ms]
2025-07-14 08:39:36.747 [info] > git blame --root --incremental e45e4de3370f33bf1eb778749f9fcc3ef012dbbe -- requirements.txt [2ms]
2025-07-14 08:39:49.994 [info] > git show --textconv :Dockerfile [9ms]
2025-07-14 08:39:49.995 [info] > git ls-files --stage -- Dockerfile [3ms]
2025-07-14 08:39:50.006 [info] > git cat-file -s fac04021b493ce6603a0add46bf919e942788ea6 [2ms]
2025-07-14 08:39:53.178 [info] > git blame --root --incremental e45e4de3370f33bf1eb778749f9fcc3ef012dbbe -- Dockerfile [4ms]
