2025-07-14 07:59:53.288 [info] [main] Log level: Info
2025-07-14 07:59:53.288 [info] [main] Validating found git in: "git"
2025-07-14 07:59:53.288 [info] [main] Using git "2.43.0" from "git"
2025-07-14 07:59:53.288 [info] [Model][doInitialScan] Initial repository scan started
2025-07-14 07:59:53.288 [info] > git rev-parse --show-toplevel [1613ms]
2025-07-14 07:59:53.289 [info] fatal: not a git repository (or any parent up to mount point /)
Stopping at filesystem boundary (GIT_DISCOVERY_ACROSS_FILESYSTEM not set).
2025-07-14 07:59:53.290 [info] > git rev-parse --show-toplevel [1ms]
2025-07-14 07:59:53.290 [info] fatal: not a git repository (or any parent up to mount point /)
Stopping at filesystem boundary (GIT_DISCOVERY_ACROSS_FILESYSTEM not set).
2025-07-14 07:59:53.295 [info] > git rev-parse --show-toplevel [2ms]
2025-07-14 07:59:53.295 [info] fatal: not a git repository (or any parent up to mount point /)
Stopping at filesystem boundary (GIT_DISCOVERY_ACROSS_FILESYSTEM not set).
2025-07-14 07:59:53.300 [info] > git rev-parse --show-toplevel [1ms]
2025-07-14 07:59:53.301 [info] fatal: not a git repository (or any parent up to mount point /)
Stopping at filesystem boundary (GIT_DISCOVERY_ACROSS_FILESYSTEM not set).
2025-07-14 07:59:53.305 [info] > git rev-parse --show-toplevel [1ms]
2025-07-14 07:59:53.305 [info] fatal: not a git repository (or any parent up to mount point /)
Stopping at filesystem boundary (GIT_DISCOVERY_ACROSS_FILESYSTEM not set).
2025-07-14 07:59:53.310 [info] > git rev-parse --show-toplevel [1ms]
2025-07-14 07:59:53.310 [info] fatal: not a git repository (or any parent up to mount point /)
Stopping at filesystem boundary (GIT_DISCOVERY_ACROSS_FILESYSTEM not set).
2025-07-14 07:59:53.315 [info] > git rev-parse --show-toplevel [2ms]
2025-07-14 07:59:53.315 [info] fatal: not a git repository (or any parent up to mount point /)
Stopping at filesystem boundary (GIT_DISCOVERY_ACROSS_FILESYSTEM not set).
2025-07-14 07:59:53.316 [info] [Model][doInitialScan] Initial repository scan completed - repositories (0), closed repositories (0), parent repositories (0), unsafe repositories (0)
