2025-07-14 07:59:50.969 [info] Extension host with pid 1334 started
2025-07-14 07:59:50.982 [info] Lock '/home/tkdahr1331/.codeoss/data/User/workspaceStorage/-2bb4c389/vscode.lock': Lock acquired.
2025-07-14 07:59:51.108 [info] ExtensionService#_doActivateExtension vscode.emmet, startup: false, activationEvent: 'onLanguage'
2025-07-14 07:59:51.278 [info] ExtensionService#_doActivateExtension vscode.git-base, startup: true, activationEvent: '*', root cause: vscode.git
2025-07-14 07:59:51.395 [info] ExtensionService#_doActivateExtension vscode.git, startup: true, activationEvent: '*'
2025-07-14 07:59:51.396 [info] ExtensionService#_doActivateExtension vscode.github, startup: true, activationEvent: '*'
2025-07-14 07:59:51.668 [info] Eager extensions activated
2025-07-14 07:59:51.668 [info] ExtensionService#_doActivateExtension EditorConfig.EditorConfig, startup: false, activationEvent: 'onStartupFinished'
2025-07-14 07:59:51.669 [info] ExtensionService#_doActivateExtension google.cloud-shell, startup: false, activationEvent: 'onStartupFinished'
2025-07-14 07:59:51.669 [info] ExtensionService#_doActivateExtension google.geminicodeassist, startup: false, activationEvent: 'onStartupFinished', root cause: googlecloudtools.cloudcode
2025-07-14 07:59:51.670 [info] ExtensionService#_doActivateExtension vscode.debug-auto-launch, startup: false, activationEvent: 'onStartupFinished'
2025-07-14 07:59:51.670 [info] ExtensionService#_doActivateExtension vscode.merge-conflict, startup: false, activationEvent: 'onStartupFinished'
2025-07-14 07:59:53.686 [info] ExtensionService#_doActivateExtension vscode.configuration-editing, startup: false, activationEvent: 'onLanguage:jsonc'
2025-07-14 07:59:53.687 [info] ExtensionService#_doActivateExtension vscode.json-language-features, startup: false, activationEvent: 'onLanguage:jsonc'
2025-07-14 07:59:53.687 [info] ExtensionService#_doActivateExtension vscode.typescript-language-features, startup: false, activationEvent: 'onLanguage:jsonc'
2025-07-14 07:59:53.886 [info] ExtensionService#_doActivateExtension googlecloudtools.cloudcode, startup: false, activationEvent: 'onStartupFinished'
2025-07-14 07:59:55.979 [error] onWillSaveTextDocument-listener from extension 'EditorConfig.EditorConfig' threw ERROR
2025-07-14 07:59:55.984 [error] Error: timeout
    at Timeout._onTimeout (file:///google/devshell/editor/code-oss-for-cloud-shell/out/vs/workbench/api/node/extensionHostProcess.js:135:108282)
    at listOnTimeout (node:internal/timers:581:17)
    at processTimers (node:internal/timers:519:7)
2025-07-14 07:59:55.989 [info] Extension host terminating: received terminate message from renderer
2025-07-14 07:59:55.990 [info] Lock '/home/tkdahr1331/.codeoss/data/User/workspaceStorage/-2bb4c389/vscode.lock': Marking the lockfile as scheduled to be released in 6000 ms.
2025-07-14 08:00:00.708 [info] Extension host with pid 1334 exiting with code 0
